<?xml version="1.0" encoding="UTF-8"?>
<!-- Generated by org.testng.reporters.JUnitReportReporter -->
<testsuite hostname="GS-5823" failures="0" tests="2" name="smerpBase.Base" time="23.464" errors="0" timestamp="2023-04-27T16:37:39 IST" skipped="0">
  <testcase classname="smerpBase.Base" name="Login" time="10.977"/>
  <system-out/>
  <testcase classname="smerpBase.Base" name="LoginValidation" time="12.487"/>
  <system-out/>
</testsuite> <!-- smerpBase.Base -->
